<html>
<head>
<title>TestNG:  Command line test</title>
<link href="../testng.css" rel="stylesheet" type="text/css" />
<link href="../my-testng.css" rel="stylesheet" type="text/css" />

<style type="text/css">
.log { display: none;} 
.stack-trace { display: none;} 
</style>
<script type="text/javascript">
<!--
function flip(e) {
  current = e.style.display;
  if (current == 'block') {
    e.style.display = 'none';
    return 0;
  }
  else {
    e.style.display = 'block';
    return 1;
  }
}

function toggleBox(szDivId, elem, msg1, msg2)
{
  var res = -1;  if (document.getElementById) {
    res = flip(document.getElementById(szDivId));
  }
  else if (document.all) {
    // this is the way old msie versions work
    res = flip(document.all[szDivId]);
  }
  if(elem) {
    if(res == 0) elem.innerHTML = msg1; else elem.innerHTML = msg2;
  }

}

function toggleAllBoxes() {
  if (document.getElementsByTagName) {
    d = document.getElementsByTagName('div');
    for (i = 0; i < d.length; i++) {
      if (d[i].className == 'log') {
        flip(d[i]);
      }
    }
  }
}

// -->
</script>

</head>
<body>
<h2 align='center'>Command line test</h2><table border='1' align="center">
<tr>
<td>Tests passed/Failed/Skipped:</td><td>15/1/0</td>
</tr><tr>
<td>Started on:</td><td>Sun Mar 03 22:52:39 EST 2019</td>
</tr>
<tr><td>Total time:</td><td>291 seconds (291510 ms)</td>
</tr><tr>
<td>Included groups:</td><td></td>
</tr><tr>
<td>Excluded groups:</td><td></td>
</tr>
</table><p/>
<small><i>(Hover the method name to see the test class name)</i></small><p/>
<table width='100%' border='1' class='invocation-failed'>
<tr><td colspan='4' align='center'><b>FAILED TESTS</b></td></tr>
<tr><td><b>Test method</b></td>
<td width="30%"><b>Exception</b></td>
<td width="10%"><b>Time (seconds)</b></td>
<td><b>Instance</b></td>
</tr>
<tr>
<td title='com.salesforce.testcases.MySettingsPageTest.CalendarAndRemindersTest()'><b>CalendarAndRemindersTest</b><br>Test class: com.salesforce.testcases.MySettingsPageTest</td>
<td><div><pre>org.openqa.selenium.NoAlertPresentException: no such alert
  (Session info: chrome=72.0.3626.119)
  (Driver info: chromedriver=2.46.628411 (3324f4c8be9ff2f70a05a30ebc72ffb013e1a71e),platform=Mac OS X 10.12.6 x86_64) (WARNING: The server did not provide any stacktrace information)
Command duration or timeout: 0 milliseconds
Build info: version: &apos;3.141.59&apos;, revision: &apos;e82be7d358&apos;, time: &apos;2018-11-14T08:17:03&apos;
System info: host: &apos;Manojs-MacBook-Pro.local&apos;, ip: &apos;10.233.193.142&apos;, os.name: &apos;Mac OS X&apos;, os.arch: &apos;x86_64&apos;, os.version: &apos;10.12.6&apos;, java.version: &apos;1.8.0_131&apos;
Driver info: org.openqa.selenium.chrome.ChromeDriver
Capabilities {acceptInsecureCerts: false, acceptSslCerts: false, applicationCacheEnabled: false, browserConnectionEnabled: false, browserName: chrome, chrome: {chromedriverVersion: 2.46.628411 (3324f4c8be9ff2..., userDataDir: /var/folders/pv/y87w92yn0w3...}, cssSelectorsEnabled: true, databaseEnabled: false, goog:chromeOptions: {debuggerAddress: localhost:53158}, handlesAlerts: true, hasTouchScreen: false, javascriptEnabled: true, locationContextEnabled: true, mobileEmulationEnabled: false, nativeEvents: true, networkConnectionEnabled: false, pageLoadStrategy: normal, platform: MAC, platformName: MAC, proxy: Proxy(), rotatable: false, setWindowRect: true, strictFileInteractability: false, takesHeapSnapshot: true, takesScreenshot: true, timeouts: {implicit: 0, pageLoad: 300000, script: 30000}, unexpectedAlertBehaviour: ignore, unhandledPromptBehavior: ignore, version: 72.0.3626.119, webStorageEnabled: true}
Session ID: 9543299307338f7828343f201ab55d07
	at org.openqa.selenium.remote.ErrorHandler.createThrowable(ErrorHandler.java:214)
	at org.openqa.selenium.remote.ErrorHandler.throwIfResponseFailed(ErrorHandler.java:166)
	at org.openqa.selenium.remote.http.JsonHttpResponseCodec.reconstructValue(JsonHttpResponseCodec.java:40)
	at org.openqa.selenium.remote.http.AbstractHttpResponseCodec.decode(AbstractHttpResponseCodec.java:80)
	at org.openqa.selenium.remote.http.AbstractHttpResponseCodec.decode(AbstractHttpResponseCodec.java:44)
	at org.openqa.selenium.remote.HttpCommandExecutor.execute(HttpCommandExecutor.java:158)
	at org.openqa.selenium.remote.service.DriverCommandExecutor.execute(DriverCommandExecutor.java:83)
	at org.openqa.selenium.remote.RemoteWebDriver.execute(RemoteWebDriver.java:552)
	at org.openqa.selenium.remote.RemoteWebDriver.execute(RemoteWebDriver.java:609)
	at org.openqa.selenium.remote.RemoteWebDriver$RemoteTargetLocator.alert(RemoteWebDriver.java:932)
	at com.salesforce.util.TestUtil.dismissalert(TestUtil.java:37)
	at com.salesforce.pages.MySettingsPage.CalendarAndReminders(MySettingsPage.java:89)
	at com.salesforce.testcases.MySettingsPageTest.CalendarAndRemindersTest(MySettingsPageTest.java:56)
... Removed 39 stack frames</pre></div><a href='#' onClick='toggleBox("stack-trace276777344", this, "Click to show all stack frames", "Click to hide stack frames")'>Click to show all stack frames</a>
<div class='stack-trace' id='stack-trace276777344'><pre>org.openqa.selenium.NoAlertPresentException: no such alert
  (Session info: chrome=72.0.3626.119)
  (Driver info: chromedriver=2.46.628411 (3324f4c8be9ff2f70a05a30ebc72ffb013e1a71e),platform=Mac OS X 10.12.6 x86_64) (WARNING: The server did not provide any stacktrace information)
Command duration or timeout: 0 milliseconds
Build info: version: &apos;3.141.59&apos;, revision: &apos;e82be7d358&apos;, time: &apos;2018-11-14T08:17:03&apos;
System info: host: &apos;Manojs-MacBook-Pro.local&apos;, ip: &apos;10.233.193.142&apos;, os.name: &apos;Mac OS X&apos;, os.arch: &apos;x86_64&apos;, os.version: &apos;10.12.6&apos;, java.version: &apos;1.8.0_131&apos;
Driver info: org.openqa.selenium.chrome.ChromeDriver
Capabilities {acceptInsecureCerts: false, acceptSslCerts: false, applicationCacheEnabled: false, browserConnectionEnabled: false, browserName: chrome, chrome: {chromedriverVersion: 2.46.628411 (3324f4c8be9ff2..., userDataDir: /var/folders/pv/y87w92yn0w3...}, cssSelectorsEnabled: true, databaseEnabled: false, goog:chromeOptions: {debuggerAddress: localhost:53158}, handlesAlerts: true, hasTouchScreen: false, javascriptEnabled: true, locationContextEnabled: true, mobileEmulationEnabled: false, nativeEvents: true, networkConnectionEnabled: false, pageLoadStrategy: normal, platform: MAC, platformName: MAC, proxy: Proxy(), rotatable: false, setWindowRect: true, strictFileInteractability: false, takesHeapSnapshot: true, takesScreenshot: true, timeouts: {implicit: 0, pageLoad: 300000, script: 30000}, unexpectedAlertBehaviour: ignore, unhandledPromptBehavior: ignore, version: 72.0.3626.119, webStorageEnabled: true}
Session ID: 9543299307338f7828343f201ab55d07
	at sun.reflect.NativeConstructorAccessorImpl.newInstance0(Native Method)
	at sun.reflect.NativeConstructorAccessorImpl.newInstance(NativeConstructorAccessorImpl.java:62)
	at sun.reflect.DelegatingConstructorAccessorImpl.newInstance(DelegatingConstructorAccessorImpl.java:45)
	at java.lang.reflect.Constructor.newInstance(Constructor.java:423)
	at org.openqa.selenium.remote.ErrorHandler.createThrowable(ErrorHandler.java:214)
	at org.openqa.selenium.remote.ErrorHandler.throwIfResponseFailed(ErrorHandler.java:166)
	at org.openqa.selenium.remote.http.JsonHttpResponseCodec.reconstructValue(JsonHttpResponseCodec.java:40)
	at org.openqa.selenium.remote.http.AbstractHttpResponseCodec.decode(AbstractHttpResponseCodec.java:80)
	at org.openqa.selenium.remote.http.AbstractHttpResponseCodec.decode(AbstractHttpResponseCodec.java:44)
	at org.openqa.selenium.remote.HttpCommandExecutor.execute(HttpCommandExecutor.java:158)
	at org.openqa.selenium.remote.service.DriverCommandExecutor.execute(DriverCommandExecutor.java:83)
	at org.openqa.selenium.remote.RemoteWebDriver.execute(RemoteWebDriver.java:552)
	at org.openqa.selenium.remote.RemoteWebDriver.execute(RemoteWebDriver.java:609)
	at org.openqa.selenium.remote.RemoteWebDriver$RemoteTargetLocator.alert(RemoteWebDriver.java:932)
	at com.salesforce.util.TestUtil.dismissalert(TestUtil.java:37)
	at com.salesforce.pages.MySettingsPage.CalendarAndReminders(MySettingsPage.java:89)
	at com.salesforce.testcases.MySettingsPageTest.CalendarAndRemindersTest(MySettingsPageTest.java:56)
	at sun.reflect.NativeMethodAccessorImpl.invoke0(Native Method)
	at sun.reflect.NativeMethodAccessorImpl.invoke(NativeMethodAccessorImpl.java:62)
	at sun.reflect.DelegatingMethodAccessorImpl.invoke(DelegatingMethodAccessorImpl.java:43)
	at java.lang.reflect.Method.invoke(Method.java:498)
	at org.testng.internal.MethodInvocationHelper.invokeMethod(MethodInvocationHelper.java:124)
	at org.testng.internal.Invoker.invokeMethod(Invoker.java:583)
	at org.testng.internal.Invoker.invokeTestMethod(Invoker.java:719)
	at org.testng.internal.Invoker.invokeTestMethods(Invoker.java:989)
	at org.testng.internal.TestMethodWorker.invokeTestMethods(TestMethodWorker.java:125)
	at org.testng.internal.TestMethodWorker.run(TestMethodWorker.java:109)
	at org.testng.TestRunner.privateRun(TestRunner.java:648)
	at org.testng.TestRunner.run(TestRunner.java:505)
	at org.testng.SuiteRunner.runTest(SuiteRunner.java:455)
	at org.testng.SuiteRunner.runSequentially(SuiteRunner.java:450)
	at org.testng.SuiteRunner.privateRun(SuiteRunner.java:415)
	at org.testng.SuiteRunner.run(SuiteRunner.java:364)
	at org.testng.SuiteRunnerWorker.runSuite(SuiteRunnerWorker.java:52)
	at org.testng.SuiteRunnerWorker.run(SuiteRunnerWorker.java:84)
	at org.testng.TestNG.runSuitesSequentially(TestNG.java:1208)
	at org.testng.TestNG.runSuitesLocally(TestNG.java:1137)
	at org.testng.TestNG.runSuites(TestNG.java:1049)
	at org.testng.TestNG.run(TestNG.java:1017)
	at org.apache.maven.surefire.testng.TestNGExecutor.run(TestNGExecutor.java:77)
	at org.apache.maven.surefire.testng.TestNGDirectoryTestSuite.executeMulti(TestNGDirectoryTestSuite.java:159)
	at org.apache.maven.surefire.testng.TestNGDirectoryTestSuite.execute(TestNGDirectoryTestSuite.java:99)
	at org.apache.maven.surefire.testng.TestNGProvider.invoke(TestNGProvider.java:106)
	at sun.reflect.NativeMethodAccessorImpl.invoke0(Native Method)
	at sun.reflect.NativeMethodAccessorImpl.invoke(NativeMethodAccessorImpl.java:62)
	at sun.reflect.DelegatingMethodAccessorImpl.invoke(DelegatingMethodAccessorImpl.java:43)
	at java.lang.reflect.Method.invoke(Method.java:498)
	at org.apache.maven.surefire.util.ReflectionUtils.invokeMethodWithArray(ReflectionUtils.java:189)
	at org.apache.maven.surefire.booter.ProviderFactory$ProviderProxy.invoke(ProviderFactory.java:165)
	at org.apache.maven.surefire.booter.ProviderFactory.invokeProvider(ProviderFactory.java:85)
	at org.apache.maven.surefire.booter.ForkedBooter.runSuitesInProcess(ForkedBooter.java:115)
	at org.apache.maven.surefire.booter.ForkedBooter.main(ForkedBooter.java:75)
</pre></div></td>
<td>0</td>
<td>com.salesforce.testcases.MySettingsPageTest@50f8360d</td></tr>
</table><p>
<table width='100%' border='1' class='invocation-passed'>
<tr><td colspan='4' align='center'><b>PASSED TESTS</b></td></tr>
<tr><td><b>Test method</b></td>
<td width="30%"><b>Exception</b></td>
<td width="10%"><b>Time (seconds)</b></td>
<td><b>Instance</b></td>
</tr>
<tr>
<td title='com.salesforce.testcases.AccountsPageTest.AccountLastActivityTest()'><b>AccountLastActivityTest</b><br>Test class: com.salesforce.testcases.AccountsPageTest</td>
<td></td>
<td>4</td>
<td>com.salesforce.testcases.AccountsPageTest@234bef66</td></tr>
<tr>
<td title='com.salesforce.testcases.MySettingsPageTest.CustomizeTabsTest()'><b>CustomizeTabsTest</b><br>Test class: com.salesforce.testcases.MySettingsPageTest</td>
<td></td>
<td>1</td>
<td>com.salesforce.testcases.MySettingsPageTest@50f8360d</td></tr>
<tr>
<td title='com.salesforce.testcases.MySettingsPageTest.DownloadHistoryTest()'><b>DownloadHistoryTest</b><br>Test class: com.salesforce.testcases.MySettingsPageTest</td>
<td></td>
<td>1</td>
<td>com.salesforce.testcases.MySettingsPageTest@50f8360d</td></tr>
<tr>
<td title='com.salesforce.testcases.MySettingsPageTest.EmailUpdateTest()'><b>EmailUpdateTest</b><br>Test class: com.salesforce.testcases.MySettingsPageTest</td>
<td></td>
<td>4</td>
<td>com.salesforce.testcases.MySettingsPageTest@50f8360d</td></tr>
<tr>
<td title='com.salesforce.testcases.HomePageTest.LogOut()'><b>LogOut</b><br>Test class: com.salesforce.testcases.HomePageTest</td>
<td></td>
<td>0</td>
<td>com.salesforce.testcases.HomePageTest@737996a0</td></tr>
<tr>
<td title='com.salesforce.testcases.AccountsPageTest.MergeAccounts()'><b>MergeAccounts</b><br>Test class: com.salesforce.testcases.AccountsPageTest</td>
<td></td>
<td>1</td>
<td>com.salesforce.testcases.AccountsPageTest@234bef66</td></tr>
<tr>
<td title='com.salesforce.testcases.AccountsPageTest.NewAccountTest()'><b>NewAccountTest</b><br>Test class: com.salesforce.testcases.AccountsPageTest</td>
<td></td>
<td>2</td>
<td>com.salesforce.testcases.AccountsPageTest@234bef66</td></tr>
<tr>
<td title='com.salesforce.testcases.AccountsPageTest.NewViewTest()'><b>NewViewTest</b><br>Test class: com.salesforce.testcases.AccountsPageTest</td>
<td></td>
<td>1</td>
<td>com.salesforce.testcases.AccountsPageTest@234bef66</td></tr>
<tr>
<td title='com.salesforce.testcases.ProfilesPageTest.SharePostTest()'><b>SharePostTest</b><br>Test class: com.salesforce.testcases.ProfilesPageTest</td>
<td></td>
<td>0</td>
<td>com.salesforce.testcases.ProfilesPageTest@2cb4c3ab</td></tr>
<tr>
<td title='com.salesforce.testcases.ProfilesPageTest.UpLoadPictureTest()'><b>UpLoadPictureTest</b><br>Test class: com.salesforce.testcases.ProfilesPageTest</td>
<td></td>
<td>10</td>
<td>com.salesforce.testcases.ProfilesPageTest@2cb4c3ab</td></tr>
<tr>
<td title='com.salesforce.testcases.ProfilesPageTest.UpdateProfileTest()'><b>UpdateProfileTest</b><br>Test class: com.salesforce.testcases.ProfilesPageTest</td>
<td></td>
<td>2</td>
<td>com.salesforce.testcases.ProfilesPageTest@2cb4c3ab</td></tr>
<tr>
<td title='com.salesforce.testcases.AccountsPageTest.validateAccountsPageTitleTest()'><b>validateAccountsPageTitleTest</b><br>Test class: com.salesforce.testcases.AccountsPageTest</td>
<td></td>
<td>0</td>
<td>com.salesforce.testcases.AccountsPageTest@234bef66</td></tr>
<tr>
<td title='com.salesforce.testcases.HomePageTest.validateHomePageTitleTest()'><b>validateHomePageTitleTest</b><br>Test class: com.salesforce.testcases.HomePageTest</td>
<td></td>
<td>0</td>
<td>com.salesforce.testcases.HomePageTest@737996a0</td></tr>
<tr>
<td title='com.salesforce.testcases.MySettingsPageTest.validateMySettingsPageTitleTest()'><b>validateMySettingsPageTitleTest</b><br>Test class: com.salesforce.testcases.MySettingsPageTest</td>
<td></td>
<td>0</td>
<td>com.salesforce.testcases.MySettingsPageTest@50f8360d</td></tr>
<tr>
<td title='com.salesforce.testcases.ProfilesPageTest.validateProfilesPageTitleTest()'><b>validateProfilesPageTitleTest</b><br>Test class: com.salesforce.testcases.ProfilesPageTest</td>
<td></td>
<td>0</td>
<td>com.salesforce.testcases.ProfilesPageTest@2cb4c3ab</td></tr>
</table><p>
</body>
</html>