<?xml version="1.0" encoding="UTF-8"?>
<!-- Generated by org.testng.reporters.JUnitXMLReporter -->
<testsuite hostname="Manojs-MacBook-Pro.local" ignored="1" name="Command line test" tests="16" failures="1" timestamp="04 Mar 2019 03:57:36 GMT" time="291.51" errors="0">
  <testcase name="AccountLastActivityTest" time="4.843" classname="com.salesforce.testcases.AccountsPageTest"/>
  <testcase name="MergeAccounts" time="1.888" classname="com.salesforce.testcases.AccountsPageTest"/>
  <testcase name="NewAccountTest" time="2.126" classname="com.salesforce.testcases.AccountsPageTest"/>
  <testcase name="NewViewTest" time="1.038" classname="com.salesforce.testcases.AccountsPageTest"/>
  <testcase name="SharePostTest" time="0.775" classname="com.salesforce.testcases.ProfilesPageTest"/>
  <testcase name="UpLoadPictureTest" time="10.579" classname="com.salesforce.testcases.ProfilesPageTest"/>
  <testcase name="UpdateProfileTest" time="2.467" classname="com.salesforce.testcases.ProfilesPageTest"/>
  <testcase name="validateProfilesPageTitleTest" time="0.029" classname="com.salesforce.testcases.ProfilesPageTest"/>
  <testcase name="LogOut" time="0.334" classname="com.salesforce.testcases.HomePageTest"/>
  <testcase name="CalendarAndRemindersTest" time="0.769" classname="com.salesforce.testcases.MySettingsPageTest">
    <failure type="org.openqa.selenium.NoAlertPresentException" message="no such alert
  (Session info: chrome=72.0.3626.119)
  (Driver info: chromedriver=2.46.628411 (3324f4c8be9ff2f70a05a30ebc72ffb013e1a71e),platform=Mac OS X 10.12.6 x86_64) (WARNING: The server did not provide any stacktrace information)
Command duration or timeout: 0 milliseconds
Build info: version: &amp;apos;3.141.59&amp;apos;, revision: &amp;apos;e82be7d358&amp;apos;, time: &amp;apos;2018-11-14T08:17:03&amp;apos;
System info: host: &amp;apos;Manojs-MacBook-Pro.local&amp;apos;, ip: &amp;apos;10.233.193.142&amp;apos;, os.name: &amp;apos;Mac OS X&amp;apos;, os.arch: &amp;apos;x86_64&amp;apos;, os.version: &amp;apos;10.12.6&amp;apos;, java.version: &amp;apos;1.8.0_131&amp;apos;
Driver info: org.openqa.selenium.chrome.ChromeDriver
Capabilities {acceptInsecureCerts: false, acceptSslCerts: false, applicationCacheEnabled: false, browserConnectionEnabled: false, browserName: chrome, chrome: {chromedriverVersion: 2.46.628411 (3324f4c8be9ff2..., userDataDir: /var/folders/pv/y87w92yn0w3...}, cssSelectorsEnabled: true, databaseEnabled: false, goog:chromeOptions: {debuggerAddress: localhost:53158}, handlesAlerts: true, hasTouchScreen: false, javascriptEnabled: true, locationContextEnabled: true, mobileEmulationEnabled: false, nativeEvents: true, networkConnectionEnabled: false, pageLoadStrategy: normal, platform: MAC, platformName: MAC, proxy: Proxy(), rotatable: false, setWindowRect: true, strictFileInteractability: false, takesHeapSnapshot: true, takesScreenshot: true, timeouts: {implicit: 0, pageLoad: 300000, script: 30000}, unexpectedAlertBehaviour: ignore, unhandledPromptBehavior: ignore, version: 72.0.3626.119, webStorageEnabled: true}
Session ID: 9543299307338f7828343f201ab55d07">
      <![CDATA[org.openqa.selenium.NoAlertPresentException: no such alert
  (Session info: chrome=72.0.3626.119)
  (Driver info: chromedriver=2.46.628411 (3324f4c8be9ff2f70a05a30ebc72ffb013e1a71e),platform=Mac OS X 10.12.6 x86_64) (WARNING: The server did not provide any stacktrace information)
Command duration or timeout: 0 milliseconds
Build info: version: '3.141.59', revision: 'e82be7d358', time: '2018-11-14T08:17:03'
System info: host: 'Manojs-MacBook-Pro.local', ip: '10.233.193.142', os.name: 'Mac OS X', os.arch: 'x86_64', os.version: '10.12.6', java.version: '1.8.0_131'
Driver info: org.openqa.selenium.chrome.ChromeDriver
Capabilities {acceptInsecureCerts: false, acceptSslCerts: false, applicationCacheEnabled: false, browserConnectionEnabled: false, browserName: chrome, chrome: {chromedriverVersion: 2.46.628411 (3324f4c8be9ff2..., userDataDir: /var/folders/pv/y87w92yn0w3...}, cssSelectorsEnabled: true, databaseEnabled: false, goog:chromeOptions: {debuggerAddress: localhost:53158}, handlesAlerts: true, hasTouchScreen: false, javascriptEnabled: true, locationContextEnabled: true, mobileEmulationEnabled: false, nativeEvents: true, networkConnectionEnabled: false, pageLoadStrategy: normal, platform: MAC, platformName: MAC, proxy: Proxy(), rotatable: false, setWindowRect: true, strictFileInteractability: false, takesHeapSnapshot: true, takesScreenshot: true, timeouts: {implicit: 0, pageLoad: 300000, script: 30000}, unexpectedAlertBehaviour: ignore, unhandledPromptBehavior: ignore, version: 72.0.3626.119, webStorageEnabled: true}
Session ID: 9543299307338f7828343f201ab55d07
at org.openqa.selenium.remote.ErrorHandler.createThrowable(ErrorHandler.java:214)
at org.openqa.selenium.remote.ErrorHandler.throwIfResponseFailed(ErrorHandler.java:166)
at org.openqa.selenium.remote.http.JsonHttpResponseCodec.reconstructValue(JsonHttpResponseCodec.java:40)
at org.openqa.selenium.remote.http.AbstractHttpResponseCodec.decode(AbstractHttpResponseCodec.java:80)
at org.openqa.selenium.remote.http.AbstractHttpResponseCodec.decode(AbstractHttpResponseCodec.java:44)
at org.openqa.selenium.remote.HttpCommandExecutor.execute(HttpCommandExecutor.java:158)
at org.openqa.selenium.remote.service.DriverCommandExecutor.execute(DriverCommandExecutor.java:83)
at org.openqa.selenium.remote.RemoteWebDriver.execute(RemoteWebDriver.java:552)
at org.openqa.selenium.remote.RemoteWebDriver.execute(RemoteWebDriver.java:609)
at org.openqa.selenium.remote.RemoteWebDriver$RemoteTargetLocator.alert(RemoteWebDriver.java:932)
at com.salesforce.util.TestUtil.dismissalert(TestUtil.java:37)
at com.salesforce.pages.MySettingsPage.CalendarAndReminders(MySettingsPage.java:89)
at com.salesforce.testcases.MySettingsPageTest.CalendarAndRemindersTest(MySettingsPageTest.java:56)
... Removed 39 stack frames]]>
    </failure>
  </testcase> <!-- CalendarAndRemindersTest -->
  <testcase name="CustomizeTabsTest" time="1.57" classname="com.salesforce.testcases.MySettingsPageTest"/>
  <testcase name="DownloadHistoryTest" time="1.8" classname="com.salesforce.testcases.MySettingsPageTest"/>
  <testcase name="EmailUpdateTest" time="4.494" classname="com.salesforce.testcases.MySettingsPageTest"/>
  <testcase name="validateMySettingsPageTitleTest" time="0.014" classname="com.salesforce.testcases.MySettingsPageTest"/>
  <testcase name="validateAccountsPageTitleTest" time="0.013" classname="com.salesforce.testcases.AccountsPageTest"/>
  <testcase name="validateHomePageTitleTest" time="0.006" classname="com.salesforce.testcases.HomePageTest"/>
  <testcase name="validateHomePageTitleTest" time="0.0" classname="com.salesforce.testcases.OpportunitiesPageTest">
    <ignored/>
  </testcase> <!-- validateHomePageTitleTest -->
</testsuite> <!-- Command line test -->
